{
  "0 debug pnpm:scope": {
    "selected": 1
  },
  "1 info pnpm": {
    "err": {
      "name": "Error",
      "message": "not found: cache",
      "code": "ENOENT",
      "stack": "Error: not found: cache\n    at getNotFoundError (/opt/homebrew/Cellar/pnpm/6.29.1/libexec/lib/node_modules/pnpm/dist/pnpm.cjs:41576:51)\n    at Function.whichSync [as sync] (/opt/homebrew/Cellar/pnpm/6.29.1/libexec/lib/node_modules/pnpm/dist/pnpm.cjs:41653:13)\n    at getCommandAbsolutePathSync (/opt/homebrew/Cellar/pnpm/6.29.1/libexec/lib/node_modules/pnpm/dist/pnpm.cjs:43218:44)\n    at default_1 (/opt/homebrew/Cellar/pnpm/6.29.1/libexec/lib/node_modules/pnpm/dist/pnpm.cjs:43227:32)\n    at /opt/homebrew/Cellar/pnpm/6.29.1/libexec/lib/node_modules/pnpm/dist/pnpm.cjs:177995:39"
    }
  },
  "2 error pnpm": {
    "code": "ERR_PNPM_RECURSIVE_EXEC_FIRST_FAIL",
    "prefix": "/Users/voldy/dev/Personal/AushNative",
    "err": {
      "name": "pnpm",
      "message": "not found: cache",
      "code": "ERR_PNPM_RECURSIVE_EXEC_FIRST_FAIL",
      "stack": "Error: not found: cache\n    at getNotFoundError (/opt/homebrew/Cellar/pnpm/6.29.1/libexec/lib/node_modules/pnpm/dist/pnpm.cjs:41576:51)\n    at Function.whichSync [as sync] (/opt/homebrew/Cellar/pnpm/6.29.1/libexec/lib/node_modules/pnpm/dist/pnpm.cjs:41653:13)\n    at getCommandAbsolutePathSync (/opt/homebrew/Cellar/pnpm/6.29.1/libexec/lib/node_modules/pnpm/dist/pnpm.cjs:43218:44)\n    at default_1 (/opt/homebrew/Cellar/pnpm/6.29.1/libexec/lib/node_modules/pnpm/dist/pnpm.cjs:43227:32)\n    at /opt/homebrew/Cellar/pnpm/6.29.1/libexec/lib/node_modules/pnpm/dist/pnpm.cjs:177995:39"
    }
  }
}